Arguments: 
  /usr/local/bin/node /usr/local/bin/yarn install

PATH: 
  /Applications/Visual Studio Code.app/Contents/Resources/app/bin:/usr/local/opt/rabbitmq/sbin:/usr/local/mysql-8.0.18-macos10.14-x86_64/bin:/usr/local/mysql-shell-8.0.18-macos10.14-x86-64bit/bin:/usr/local/bin:/usr/bin:/bin:/usr/sbin:/sbin:/usr/local/share/dotnet:~/.dotnet/tools:/Library/Frameworks/Mono.framework/Versions/Current/Commands

Yarn version: 
  1.21.1

Node version: 
  13.13.0

Platform: 
  darwin x64

Trace: 
  SyntaxError: /Users/Sharadp/dev/ssr-react-training/package.json: Unexpected end of JSON input
      at JSON.parse (<anonymous>)
      at /usr/local/lib/node_modules/yarn/lib/cli.js:1625:59
      at Generator.next (<anonymous>)
      at step (/usr/local/lib/node_modules/yarn/lib/cli.js:310:30)
      at /usr/local/lib/node_modules/yarn/lib/cli.js:321:13

npm manifest: 
  

yarn manifest: 
  No manifest

Lockfile: 
  No lockfile
